<?xml version="1.0" encoding="UTF-8"?>
<!-- Generated by org.testng.reporters.JUnitReportReporter -->
<testsuite name="com.actitime.test.CreateCustomer" tests="1" time="0.041" ignored="0" failures="0" timestamp="14 Apr 2020 17:28:55 GMT" skipped="0" hostname="DESKTOP-V0LNI7V" errors="0">
  <testcase name="testCreateCustomer" time="0.041" classname="com.actitime.test.CreateCustomer"/>
</testsuite> <!-- com.actitime.test.CreateCustomer -->
